<?xml version="1.0" encoding="UTF-8"?>
<!-- Generated by org.testng.reporters.JUnitReportReporter -->
<testsuite hostname="DLLA10P3182" failures="0" tests="1" name="oAuth.SpecBuilderTest" time="4.211" errors="0" timestamp="04 May 2020 09:31:32 GMT" skipped="0">
  <testcase classname="oAuth.SpecBuilderTest" name="serializetest" time="4.211"/>
</testsuite> <!-- oAuth.SpecBuilderTest -->
