<?xml version="1.0" encoding="UTF-8"?>
<!-- Generated by org.testng.reporters.JUnitReportReporter -->
<testsuite hostname="DLLA10P3182" failures="0" tests="1" name="oAuth.OAuth" time="10.040" errors="0" timestamp="01 May 2020 08:46:01 GMT" skipped="0">
  <testcase classname="oAuth.OAuth" name="oauth" time="10.040"/>
</testsuite> <!-- oAuth.OAuth -->
