<?xml version="1.0" encoding="UTF-8"?>
<!-- Generated by org.testng.reporters.JUnitReportReporter -->
<testsuite hostname="DLLA10P3182" failures="0" tests="1" name="oAuth.SerializeTest" time="4.218" errors="0" timestamp="04 May 2020 08:01:08 GMT" skipped="0">
  <testcase classname="oAuth.SerializeTest" name="serializetest" time="4.218"/>
</testsuite> <!-- oAuth.SerializeTest -->
